Listening ...
Received Hola from arturoBlazquez at 2018-04-10 23:01:06
Received Que from arturoBlazquez at 2018-04-10 23:01:16
Received Tal from arturoBlazquez at 2018-04-10 23:01:20
Received Nfng from arturoBlazquez at 2018-04-10 23:01:38
Received Fbf from arturoBlazquez at 2018-04-10 23:01:40
Received 😊 from arturoBlazquez at 2018-04-10 23:01:53
Received Ño from arturoBlazquez at 2018-04-10 23:02:01
Received aaa from arturoBlazquez at 2018-04-10 23:02:20
Listening ...
Received /start from arturoBlazquez at 2018-04-10 23:08:48
Received aaa from arturoBlazquez at 2018-04-10 23:08:56
Listening ...
Received /start from arturoBlazquez at 2018-04-10 23:11:15
Received aaa from arturoBlazquez at 2018-04-10 23:11:24
Received Dbf from arturoBlazquez at 2018-04-10 23:11:28
Received /start from arturoBlazquez at 2018-04-10 23:12:11
Received /start from arturoBlazquez at 2018-04-10 23:12:12
Received /start from arturoBlazquez at 2018-04-10 23:12:17
Received aaa from arturoBlazquez at 2018-04-10 23:12:35
Listening ...
Received /start from arturoBlazquez at 2018-04-10 23:13:22
Received /start from arturoBlazquez at 2018-04-10 23:13:26
Received Fjf from arturoBlazquez at 2018-04-10 23:13:27
Received /start from arturoBlazquez at 2018-04-10 23:13:29
Received Fng from arturoBlazquez at 2018-04-10 23:13:31
Listening ...
Received /start from arturoBlazquez at 2018-04-10 23:16:19
Received Hola from arturoBlazquez at 2018-04-10 23:16:28
Received Gnnv from arturoBlazquez at 2018-04-10 23:16:32
Received aaa from arturoBlazquez at 2018-04-10 23:16:35
